[debug] [2021-05-06T12:01:31.370Z] ----------------------------------------------------------------------
[debug] [2021-05-06T12:01:31.372Z] Command:       C:\Program Files\nodejs\node.exe C:\Users\Amin\AppData\Roaming\npm\node_modules\firebase-tools\lib\bin\firebase.js emulators:start
[debug] [2021-05-06T12:01:31.372Z] CLI Version:   9.1.0
[debug] [2021-05-06T12:01:31.372Z] Platform:      win32
[debug] [2021-05-06T12:01:31.372Z] Node Version:  v14.8.0
[debug] [2021-05-06T12:01:31.373Z] Time:          Thu May 06 2021 17:46:31 GMT+0545 (Nepal Time)
[debug] [2021-05-06T12:01:31.373Z] ----------------------------------------------------------------------
[debug] [2021-05-06T12:01:31.373Z] 
[debug] [2021-05-06T12:01:31.375Z] >>> [apiv2][query] GET https://firebase-public.firebaseio.com/cli.json [none]
[debug] [2021-05-06T12:01:31.401Z] > command requires scopes: ["email","openid","https://www.googleapis.com/auth/cloudplatformprojects.readonly","https://www.googleapis.com/auth/firebase","https://www.googleapis.com/auth/cloud-platform"]
[debug] [2021-05-06T12:01:31.401Z] > authorizing via signed-in user
[info] i  emulators: Starting emulators: functions {"metadata":{"emulator":{"name":"hub"},"message":"Starting emulators: functions"}}
[debug] [2021-05-06T12:01:32.540Z] <<< [apiv2][status] GET https://firebase-public.firebaseio.com/cli.json 200
[debug] [2021-05-06T12:01:32.541Z] <<< [apiv2][body] GET https://firebase-public.firebaseio.com/cli.json {"cloudBuildErrorAfter":1594252800000,"cloudBuildWarnAfter":1590019200000,"defaultNode10After":1594252800000,"minVersion":"3.0.5","node8DeploysDisabledAfter":1613390400000,"node8RuntimeDisabledAfter":1615809600000,"node8WarnAfter":1600128000000}
[warn] !  emulators: It seems that you are running multiple instances of the emulator suite for project onlinedeal-ac1d9. This may result in unexpected behavior. 
[debug] [2021-05-06T12:01:33.449Z] [hub] writing locator at C:\Users\Amin\AppData\Local\Temp\hub-onlinedeal-ac1d9.json
[warn] !  functions: The following emulators are not running, calls to these services from the Functions emulator will affect production: auth, firestore, database, hosting, pubsub {"metadata":{"emulator":{"name":"functions"},"message":"The following emulators are not running, calls to these services from the Functions emulator will affect production: \u001b[1mauth, firestore, database, hosting, pubsub\u001b[22m"}}
[warn] !  Your requested "node" version "12" doesn't match your global version "14" {"metadata":{"emulator":{"name":"functions"},"message":"Your requested \"node\" version \"12\" doesn't match your global version \"14\""}}
[debug] [2021-05-06T12:01:35.504Z] defaultcredentials: writing to file C:\Users\Amin\AppData\Roaming\firebase\arsindhurakar_gmail_com_application_default_credentials.json
[debug] [2021-05-06T12:01:35.518Z] Setting GAC to C:\Users\Amin\AppData\Roaming\firebase\arsindhurakar_gmail_com_application_default_credentials.json {"metadata":{"emulator":{"name":"functions"},"message":"Setting GAC to C:\\Users\\Amin\\AppData\\Roaming\\firebase\\arsindhurakar_gmail_com_application_default_credentials.json"}}
[debug] [2021-05-06T12:01:39.663Z] Ignoring unsupported arg: auto_download {"metadata":{"emulator":{"name":"ui"},"message":"Ignoring unsupported arg: auto_download"}}
[debug] [2021-05-06T12:01:39.663Z] Ignoring unsupported arg: port {"metadata":{"emulator":{"name":"ui"},"message":"Ignoring unsupported arg: port"}}
[debug] [2021-05-06T12:01:39.663Z] Starting Emulator UI with command {"binary":"node","args":["C:\\Users\\Amin\\.cache\\firebase\\emulators\\ui-v1.4.1\\server.bundle.js"],"optionalArgs":[],"joinArgs":false} {"metadata":{"emulator":{"name":"ui"},"message":"Starting Emulator UI with command {\"binary\":\"node\",\"args\":[\"C:\\\\Users\\\\Amin\\\\.cache\\\\firebase\\\\emulators\\\\ui-v1.4.1\\\\server.bundle.js\"],\"optionalArgs\":[],\"joinArgs\":false}"}}
[info] i  ui: Emulator UI logging to ui-debug.log {"metadata":{"emulator":{"name":"ui"},"message":"Emulator UI logging to \u001b[1mui-debug.log\u001b[22m"}}
[debug] [2021-05-06T12:01:40.046Z] Web / API server started at http://localhost:4000
 {"metadata":{"emulator":{"name":"ui"},"message":"Web / API server started at http://localhost:4000\n"}}
[info] i  functions: Watching "D:\PrismaSofts\React\onlineDeal\functions" for Cloud Functions... {"metadata":{"emulator":{"name":"functions"},"message":"Watching \"D:\\PrismaSofts\\React\\onlineDeal\\functions\" for Cloud Functions..."}}
[debug] [2021-05-06T12:01:40.571Z] [worker-pool] addWorker(~diagnostic~) {"metadata":{"emulator":{"name":"functions"},"message":"[worker-pool] addWorker(~diagnostic~)"}}
[debug] [2021-05-06T12:01:40.571Z] [worker-pool] Adding worker with key ~diagnostic~, total=1 {"metadata":{"emulator":{"name":"functions"},"message":"[worker-pool] Adding worker with key ~diagnostic~, total=1"}}
[debug] [2021-05-06T12:01:40.571Z] [worker-pool] submitWork(triggerId=) {"metadata":{"emulator":{"name":"functions"},"message":"[worker-pool] submitWork(triggerId=)"}}
[debug] [2021-05-06T12:01:40.572Z] [worker-~diagnostic~-af7775ea-38ac-494e-9d27-55647d201d4a]: Assigning socketPath: \\?\pipe\D:\PrismaSofts\React\onlineDeal\functions\5856 {"metadata":{"emulator":{"name":"functions"},"message":"[worker-~diagnostic~-af7775ea-38ac-494e-9d27-55647d201d4a]: Assigning socketPath: \\\\?\\pipe\\D:\\PrismaSofts\\React\\onlineDeal\\functions\\5856"}}
[debug] [2021-05-06T12:01:40.572Z] [worker-~diagnostic~-af7775ea-38ac-494e-9d27-55647d201d4a]: BUSY {"metadata":{"emulator":{"name":"functions"},"message":"[worker-~diagnostic~-af7775ea-38ac-494e-9d27-55647d201d4a]: BUSY"}}
[debug] [2021-05-06T12:01:40.781Z] [runtime-status] [5856] Functions runtime initialized. {"cwd":"D:\\PrismaSofts\\React\\onlineDeal\\functions","node_version":"14.8.0"} {"metadata":{"emulator":{"name":"functions"},"message":"[runtime-status] [5856] Functions runtime initialized. {\"cwd\":\"D:\\\\PrismaSofts\\\\React\\\\onlineDeal\\\\functions\",\"node_version\":\"14.8.0\"}"}}
[debug] [2021-05-06T12:01:40.783Z] [runtime-status] [5856] Disabled runtime features: undefined {"metadata":{"emulator":{"name":"functions"},"message":"[runtime-status] [5856] Disabled runtime features: undefined"}}
[debug] [2021-05-06T12:01:40.795Z] [runtime-status] [5856] Resolved module firebase-admin {"declared":true,"installed":true,"version":"9.7.0","resolution":"D:\\PrismaSofts\\React\\onlineDeal\\functions\\node_modules\\firebase-admin\\lib\\index.js"} {"metadata":{"emulator":{"name":"functions"},"message":"[runtime-status] [5856] Resolved module firebase-admin {\"declared\":true,\"installed\":true,\"version\":\"9.7.0\",\"resolution\":\"D:\\\\PrismaSofts\\\\React\\\\onlineDeal\\\\functions\\\\node_modules\\\\firebase-admin\\\\lib\\\\index.js\"}"}}
[debug] [2021-05-06T12:01:40.797Z] [runtime-status] [5856] Resolved module firebase-functions {"declared":true,"installed":true,"version":"3.13.2","resolution":"D:\\PrismaSofts\\React\\onlineDeal\\functions\\node_modules\\firebase-functions\\lib\\index.js"} {"metadata":{"emulator":{"name":"functions"},"message":"[runtime-status] [5856] Resolved module firebase-functions {\"declared\":true,\"installed\":true,\"version\":\"3.13.2\",\"resolution\":\"D:\\\\PrismaSofts\\\\React\\\\onlineDeal\\\\functions\\\\node_modules\\\\firebase-functions\\\\lib\\\\index.js\"}"}}
[debug] [2021-05-06T12:01:40.798Z] [runtime-status] [5856] Resolved module firebase-functions {"declared":true,"installed":true,"version":"3.13.2","resolution":"D:\\PrismaSofts\\React\\onlineDeal\\functions\\node_modules\\firebase-functions\\lib\\index.js"} {"metadata":{"emulator":{"name":"functions"},"message":"[runtime-status] [5856] Resolved module firebase-functions {\"declared\":true,\"installed\":true,\"version\":\"3.13.2\",\"resolution\":\"D:\\\\PrismaSofts\\\\React\\\\onlineDeal\\\\functions\\\\node_modules\\\\firebase-functions\\\\lib\\\\index.js\"}"}}
[debug] [2021-05-06T12:01:40.800Z] [runtime-status] [5856] Outgoing network have been stubbed. [{"name":"http","status":"mocked"},{"name":"http","status":"mocked"},{"name":"https","status":"mocked"},{"name":"https","status":"mocked"},{"name":"net","status":"mocked"}] {"metadata":{"emulator":{"name":"functions"},"message":"[runtime-status] [5856] Outgoing network have been stubbed. [{\"name\":\"http\",\"status\":\"mocked\"},{\"name\":\"http\",\"status\":\"mocked\"},{\"name\":\"https\",\"status\":\"mocked\"},{\"name\":\"https\",\"status\":\"mocked\"},{\"name\":\"net\",\"status\":\"mocked\"}]"}}
[debug] [2021-05-06T12:01:40.800Z] [runtime-status] [5856] Resolved module firebase-functions {"declared":true,"installed":true,"version":"3.13.2","resolution":"D:\\PrismaSofts\\React\\onlineDeal\\functions\\node_modules\\firebase-functions\\lib\\index.js"} {"metadata":{"emulator":{"name":"functions"},"message":"[runtime-status] [5856] Resolved module firebase-functions {\"declared\":true,\"installed\":true,\"version\":\"3.13.2\",\"resolution\":\"D:\\\\PrismaSofts\\\\React\\\\onlineDeal\\\\functions\\\\node_modules\\\\firebase-functions\\\\lib\\\\index.js\"}"}}
[debug] [2021-05-06T12:01:41.968Z] [runtime-status] [5856] Checked functions.config() {"config":{}} {"metadata":{"emulator":{"name":"functions"},"message":"[runtime-status] [5856] Checked functions.config() {\"config\":{}}"}}
[debug] [2021-05-06T12:01:41.968Z] [runtime-status] [5856] firebase-functions has been stubbed. {"functionsResolution":{"declared":true,"installed":true,"version":"3.13.2","resolution":"D:\\PrismaSofts\\React\\onlineDeal\\functions\\node_modules\\firebase-functions\\lib\\index.js"}} {"metadata":{"emulator":{"name":"functions"},"message":"[runtime-status] [5856] firebase-functions has been stubbed. {\"functionsResolution\":{\"declared\":true,\"installed\":true,\"version\":\"3.13.2\",\"resolution\":\"D:\\\\PrismaSofts\\\\React\\\\onlineDeal\\\\functions\\\\node_modules\\\\firebase-functions\\\\lib\\\\index.js\"}}"}}
[debug] [2021-05-06T12:01:41.968Z] [runtime-status] [5856] Resolved module firebase-functions {"declared":true,"installed":true,"version":"3.13.2","resolution":"D:\\PrismaSofts\\React\\onlineDeal\\functions\\node_modules\\firebase-functions\\lib\\index.js"} {"metadata":{"emulator":{"name":"functions"},"message":"[runtime-status] [5856] Resolved module firebase-functions {\"declared\":true,\"installed\":true,\"version\":\"3.13.2\",\"resolution\":\"D:\\\\PrismaSofts\\\\React\\\\onlineDeal\\\\functions\\\\node_modules\\\\firebase-functions\\\\lib\\\\index.js\"}"}}
[debug] [2021-05-06T12:01:41.969Z] [runtime-status] [5856] Resolved module firebase-admin {"declared":true,"installed":true,"version":"9.7.0","resolution":"D:\\PrismaSofts\\React\\onlineDeal\\functions\\node_modules\\firebase-admin\\lib\\index.js"} {"metadata":{"emulator":{"name":"functions"},"message":"[runtime-status] [5856] Resolved module firebase-admin {\"declared\":true,\"installed\":true,\"version\":\"9.7.0\",\"resolution\":\"D:\\\\PrismaSofts\\\\React\\\\onlineDeal\\\\functions\\\\node_modules\\\\firebase-admin\\\\lib\\\\index.js\"}"}}
[debug] [2021-05-06T12:01:41.970Z] [runtime-status] [5856] Resolved module firebase-functions {"declared":true,"installed":true,"version":"3.13.2","resolution":"D:\\PrismaSofts\\React\\onlineDeal\\functions\\node_modules\\firebase-functions\\lib\\index.js"} {"metadata":{"emulator":{"name":"functions"},"message":"[runtime-status] [5856] Resolved module firebase-functions {\"declared\":true,\"installed\":true,\"version\":\"3.13.2\",\"resolution\":\"D:\\\\PrismaSofts\\\\React\\\\onlineDeal\\\\functions\\\\node_modules\\\\firebase-functions\\\\lib\\\\index.js\"}"}}
[debug] [2021-05-06T12:01:41.970Z] [runtime-status] [5856] firebase-admin has been stubbed. {"adminResolution":{"declared":true,"installed":true,"version":"9.7.0","resolution":"D:\\PrismaSofts\\React\\onlineDeal\\functions\\node_modules\\firebase-admin\\lib\\index.js"}} {"metadata":{"emulator":{"name":"functions"},"message":"[runtime-status] [5856] firebase-admin has been stubbed. {\"adminResolution\":{\"declared\":true,\"installed\":true,\"version\":\"9.7.0\",\"resolution\":\"D:\\\\PrismaSofts\\\\React\\\\onlineDeal\\\\functions\\\\node_modules\\\\firebase-admin\\\\lib\\\\index.js\"}}"}}
[info] +  functions[api]: http function initialized (http://localhost:5001/onlinedeal-ac1d9/us-central1/api). {"metadata":{"emulator":{"name":"functions"},"message":"\u001b[1mhttp\u001b[22m function initialized (http://localhost:5001/onlinedeal-ac1d9/us-central1/api)."}}
[info] 
┌─────────────────────────────────────────────────────────────┐
│ ✔  All emulators ready! It is now safe to connect your app. │
│ i  View Emulator UI at http://localhost:4000                │
└─────────────────────────────────────────────────────────────┘

┌───────────┬────────────────┬─────────────────────────────────┐
│ Emulator  │ Host:Port      │ View in Emulator UI             │
├───────────┼────────────────┼─────────────────────────────────┤
│ Functions │ localhost:5001 │ http://localhost:4000/functions │
└───────────┴────────────────┴─────────────────────────────────┘
  Emulator Hub running at localhost:4400
  Other reserved ports: 4500

Issues? Report them at https://github.com/firebase/firebase-tools/issues and attach the *-debug.log files.
 
[debug] [2021-05-06T12:01:44.011Z] [worker-~diagnostic~-af7775ea-38ac-494e-9d27-55647d201d4a]: IDLE {"metadata":{"emulator":{"name":"functions"},"message":"[worker-~diagnostic~-af7775ea-38ac-494e-9d27-55647d201d4a]: IDLE"}}
[debug] [2021-05-06T12:04:51.851Z] ----------------------------------------------------------------------
[debug] [2021-05-06T12:04:51.853Z] Command:       C:\Program Files\nodejs\node.exe C:\Users\Amin\AppData\Roaming\npm\node_modules\firebase-tools\lib\bin\firebase.js functions:shell
[debug] [2021-05-06T12:04:51.854Z] CLI Version:   9.1.0
[debug] [2021-05-06T12:04:51.854Z] Platform:      win32
[debug] [2021-05-06T12:04:51.854Z] Node Version:  v14.8.0
[debug] [2021-05-06T12:04:51.855Z] Time:          Thu May 06 2021 17:49:51 GMT+0545 (Nepal Time)
[debug] [2021-05-06T12:04:51.855Z] ----------------------------------------------------------------------
[debug] [2021-05-06T12:04:51.855Z] 
[debug] [2021-05-06T12:04:51.862Z] > command requires scopes: ["email","openid","https://www.googleapis.com/auth/cloudplatformprojects.readonly","https://www.googleapis.com/auth/firebase","https://www.googleapis.com/auth/cloud-platform"]
[debug] [2021-05-06T12:04:51.862Z] > authorizing via signed-in user
[debug] [2021-05-06T12:04:51.862Z] [iam] checking project onlinedeal-ac1d9 for permissions ["firebase.projects.get"]
[debug] [2021-05-06T12:04:51.865Z] > refreshing access token with scopes: ["email","https://www.googleapis.com/auth/cloud-platform","https://www.googleapis.com/auth/cloudplatformprojects.readonly","https://www.googleapis.com/auth/firebase","openid"]
[debug] [2021-05-06T12:04:51.865Z] >>> HTTP REQUEST POST https://www.googleapis.com/oauth2/v3/token  
 <request body omitted>
[debug] [2021-05-06T12:04:53.073Z] <<< HTTP RESPONSE 200 {"pragma":"no-cache","expires":"Mon, 01 Jan 1990 00:00:00 GMT","cache-control":"no-cache, no-store, max-age=0, must-revalidate","date":"Thu, 06 May 2021 12:04:52 GMT","content-type":"application/json; charset=utf-8","vary":"X-Origin, Referer, Origin,Accept-Encoding","server":"scaffolding on HTTPServer2","x-xss-protection":"0","x-frame-options":"SAMEORIGIN","x-content-type-options":"nosniff","alt-svc":"h3-29=\":443\"; ma=2592000,h3-T051=\":443\"; ma=2592000,h3-Q050=\":443\"; ma=2592000,h3-Q046=\":443\"; ma=2592000,h3-Q043=\":443\"; ma=2592000,quic=\":443\"; ma=2592000; v=\"46,43\"","accept-ranges":"none","transfer-encoding":"chunked"}
[debug] [2021-05-06T12:04:53.134Z] >>> HTTP REQUEST POST https://cloudresourcemanager.googleapis.com/v1/projects/onlinedeal-ac1d9:testIamPermissions  
 {"permissions":["firebase.projects.get"]}
[debug] [2021-05-06T12:04:55.234Z] <<< HTTP RESPONSE 200 {"content-type":"application/json; charset=UTF-8","vary":"X-Origin, Referer, Origin,Accept-Encoding","date":"Thu, 06 May 2021 12:04:54 GMT","server":"ESF","cache-control":"private","x-xss-protection":"0","x-frame-options":"SAMEORIGIN","x-content-type-options":"nosniff","server-timing":"gfet4t7; dur=1352","alt-svc":"h3-29=\":443\"; ma=2592000,h3-T051=\":443\"; ma=2592000,h3-Q050=\":443\"; ma=2592000,h3-Q046=\":443\"; ma=2592000,h3-Q043=\":443\"; ma=2592000,quic=\":443\"; ma=2592000; v=\"46,43\"","accept-ranges":"none","transfer-encoding":"chunked"}
[debug] [2021-05-06T12:04:55.235Z] >>> HTTP REQUEST GET http://localhost:4400/emulators  
 
[debug] [2021-05-06T12:04:57.812Z] Error: connect ECONNREFUSED 127.0.0.1:4400
    at TCPConnectWrap.afterConnect [as oncomplete] (net.js:1144:16)
[error] 
[error] Error: Server Error. connect ECONNREFUSED 127.0.0.1:4400
[debug] [2021-05-06T12:15:36.288Z] ----------------------------------------------------------------------
[debug] [2021-05-06T12:15:36.291Z] Command:       C:\Program Files\nodejs\node.exe C:\Users\Amin\AppData\Roaming\npm\node_modules\firebase-tools\lib\bin\firebase.js functions:shell
[debug] [2021-05-06T12:15:36.291Z] CLI Version:   9.1.0
[debug] [2021-05-06T12:15:36.291Z] Platform:      win32
[debug] [2021-05-06T12:15:36.291Z] Node Version:  v14.8.0
[debug] [2021-05-06T12:15:36.292Z] Time:          Thu May 06 2021 18:00:36 GMT+0545 (Nepal Time)
[debug] [2021-05-06T12:15:36.292Z] ----------------------------------------------------------------------
[debug] [2021-05-06T12:15:36.292Z] 
[debug] [2021-05-06T12:15:36.299Z] > command requires scopes: ["email","openid","https://www.googleapis.com/auth/cloudplatformprojects.readonly","https://www.googleapis.com/auth/firebase","https://www.googleapis.com/auth/cloud-platform"]
[debug] [2021-05-06T12:15:36.300Z] > authorizing via signed-in user
[debug] [2021-05-06T12:15:36.300Z] [iam] checking project onlinedeal-ac1d9 for permissions ["firebase.projects.get"]
[debug] [2021-05-06T12:15:36.302Z] >>> HTTP REQUEST POST https://cloudresourcemanager.googleapis.com/v1/projects/onlinedeal-ac1d9:testIamPermissions  
 {"permissions":["firebase.projects.get"]}
[debug] [2021-05-06T12:15:38.041Z] <<< HTTP RESPONSE 200 {"content-type":"application/json; charset=UTF-8","vary":"X-Origin, Referer, Origin,Accept-Encoding","date":"Thu, 06 May 2021 12:15:37 GMT","server":"ESF","cache-control":"private","x-xss-protection":"0","x-frame-options":"SAMEORIGIN","x-content-type-options":"nosniff","server-timing":"gfet4t7; dur=1351","alt-svc":"h3-29=\":443\"; ma=2592000,h3-T051=\":443\"; ma=2592000,h3-Q050=\":443\"; ma=2592000,h3-Q046=\":443\"; ma=2592000,h3-Q043=\":443\"; ma=2592000,quic=\":443\"; ma=2592000; v=\"46,43\"","accept-ranges":"none","transfer-encoding":"chunked"}
[debug] [2021-05-06T12:15:38.043Z] >>> HTTP REQUEST GET http://localhost:4400/emulators  
 
[debug] [2021-05-06T12:15:40.509Z] Error: connect ECONNREFUSED 127.0.0.1:4400
    at TCPConnectWrap.afterConnect [as oncomplete] (net.js:1144:16)
[error] 
[error] Error: Server Error. connect ECONNREFUSED 127.0.0.1:4400
[debug] [2021-05-10T08:11:15.763Z] ----------------------------------------------------------------------
[debug] [2021-05-10T08:11:15.765Z] Command:       C:\Program Files\nodejs\node.exe C:\Users\Amin\AppData\Roaming\npm\node_modules\firebase-tools\lib\bin\firebase.js emulators:start
[debug] [2021-05-10T08:11:15.765Z] CLI Version:   9.1.0
[debug] [2021-05-10T08:11:15.766Z] Platform:      win32
[debug] [2021-05-10T08:11:15.766Z] Node Version:  v14.8.0
[debug] [2021-05-10T08:11:15.767Z] Time:          Mon May 10 2021 13:56:15 GMT+0545 (Nepal Time)
[debug] [2021-05-10T08:11:15.767Z] ----------------------------------------------------------------------
[debug] [2021-05-10T08:11:15.767Z] 
[debug] [2021-05-10T08:11:15.845Z] >>> [apiv2][query] GET https://firebase-public.firebaseio.com/cli.json [none]
[debug] [2021-05-10T08:11:15.921Z] > command requires scopes: ["email","openid","https://www.googleapis.com/auth/cloudplatformprojects.readonly","https://www.googleapis.com/auth/firebase","https://www.googleapis.com/auth/cloud-platform"]
[debug] [2021-05-10T08:11:15.921Z] > authorizing via signed-in user
[info] i  emulators: Starting emulators: functions {"metadata":{"emulator":{"name":"hub"},"message":"Starting emulators: functions"}}
[debug] [2021-05-10T08:11:16.980Z] <<< [apiv2][status] GET https://firebase-public.firebaseio.com/cli.json 200
[debug] [2021-05-10T08:11:16.981Z] <<< [apiv2][body] GET https://firebase-public.firebaseio.com/cli.json {"cloudBuildErrorAfter":1594252800000,"cloudBuildWarnAfter":1590019200000,"defaultNode10After":1594252800000,"minVersion":"3.0.5","node8DeploysDisabledAfter":1613390400000,"node8RuntimeDisabledAfter":1615809600000,"node8WarnAfter":1600128000000}
[warn] !  emulators: It seems that you are running multiple instances of the emulator suite for project onlinedeal-ac1d9. This may result in unexpected behavior. 
[debug] [2021-05-10T08:11:18.246Z] [hub] writing locator at C:\Users\Amin\AppData\Local\Temp\hub-onlinedeal-ac1d9.json
[warn] !  functions: The following emulators are not running, calls to these services from the Functions emulator will affect production: auth, firestore, database, hosting, pubsub {"metadata":{"emulator":{"name":"functions"},"message":"The following emulators are not running, calls to these services from the Functions emulator will affect production: \u001b[1mauth, firestore, database, hosting, pubsub\u001b[22m"}}
[warn] !  Your requested "node" version "12" doesn't match your global version "14" {"metadata":{"emulator":{"name":"functions"},"message":"Your requested \"node\" version \"12\" doesn't match your global version \"14\""}}
[debug] [2021-05-10T08:11:20.423Z] defaultcredentials: writing to file C:\Users\Amin\AppData\Roaming\firebase\arsindhurakar_gmail_com_application_default_credentials.json
[debug] [2021-05-10T08:11:20.563Z] Setting GAC to C:\Users\Amin\AppData\Roaming\firebase\arsindhurakar_gmail_com_application_default_credentials.json {"metadata":{"emulator":{"name":"functions"},"message":"Setting GAC to C:\\Users\\Amin\\AppData\\Roaming\\firebase\\arsindhurakar_gmail_com_application_default_credentials.json"}}
[debug] [2021-05-10T08:11:24.697Z] Ignoring unsupported arg: auto_download {"metadata":{"emulator":{"name":"ui"},"message":"Ignoring unsupported arg: auto_download"}}
[debug] [2021-05-10T08:11:24.698Z] Ignoring unsupported arg: port {"metadata":{"emulator":{"name":"ui"},"message":"Ignoring unsupported arg: port"}}
[debug] [2021-05-10T08:11:24.698Z] Starting Emulator UI with command {"binary":"node","args":["C:\\Users\\Amin\\.cache\\firebase\\emulators\\ui-v1.4.1\\server.bundle.js"],"optionalArgs":[],"joinArgs":false} {"metadata":{"emulator":{"name":"ui"},"message":"Starting Emulator UI with command {\"binary\":\"node\",\"args\":[\"C:\\\\Users\\\\Amin\\\\.cache\\\\firebase\\\\emulators\\\\ui-v1.4.1\\\\server.bundle.js\"],\"optionalArgs\":[],\"joinArgs\":false}"}}
[info] i  ui: Emulator UI logging to ui-debug.log {"metadata":{"emulator":{"name":"ui"},"message":"Emulator UI logging to \u001b[1mui-debug.log\u001b[22m"}}
[debug] [2021-05-10T08:11:24.937Z] Web / API server started at http://localhost:4000
 {"metadata":{"emulator":{"name":"ui"},"message":"Web / API server started at http://localhost:4000\n"}}
[info] i  functions: Watching "D:\PrismaSofts\React\onlineDeal\functions" for Cloud Functions... {"metadata":{"emulator":{"name":"functions"},"message":"Watching \"D:\\PrismaSofts\\React\\onlineDeal\\functions\" for Cloud Functions..."}}
[debug] [2021-05-10T08:11:25.230Z] [worker-pool] addWorker(~diagnostic~) {"metadata":{"emulator":{"name":"functions"},"message":"[worker-pool] addWorker(~diagnostic~)"}}
[debug] [2021-05-10T08:11:25.231Z] [worker-pool] Adding worker with key ~diagnostic~, total=1 {"metadata":{"emulator":{"name":"functions"},"message":"[worker-pool] Adding worker with key ~diagnostic~, total=1"}}
[debug] [2021-05-10T08:11:25.231Z] [worker-pool] submitWork(triggerId=) {"metadata":{"emulator":{"name":"functions"},"message":"[worker-pool] submitWork(triggerId=)"}}
[debug] [2021-05-10T08:11:25.231Z] [worker-~diagnostic~-47ff0ec9-20e0-4023-975e-5ccdd98502ab]: Assigning socketPath: \\?\pipe\D:\PrismaSofts\React\onlineDeal\functions\8152 {"metadata":{"emulator":{"name":"functions"},"message":"[worker-~diagnostic~-47ff0ec9-20e0-4023-975e-5ccdd98502ab]: Assigning socketPath: \\\\?\\pipe\\D:\\PrismaSofts\\React\\onlineDeal\\functions\\8152"}}
[debug] [2021-05-10T08:11:25.231Z] [worker-~diagnostic~-47ff0ec9-20e0-4023-975e-5ccdd98502ab]: BUSY {"metadata":{"emulator":{"name":"functions"},"message":"[worker-~diagnostic~-47ff0ec9-20e0-4023-975e-5ccdd98502ab]: BUSY"}}
[debug] [2021-05-10T08:11:26.566Z] [runtime-status] [8152] Functions runtime initialized. {"cwd":"D:\\PrismaSofts\\React\\onlineDeal\\functions","node_version":"14.8.0"} {"metadata":{"emulator":{"name":"functions"},"message":"[runtime-status] [8152] Functions runtime initialized. {\"cwd\":\"D:\\\\PrismaSofts\\\\React\\\\onlineDeal\\\\functions\",\"node_version\":\"14.8.0\"}"}}
[debug] [2021-05-10T08:11:26.568Z] [runtime-status] [8152] Disabled runtime features: undefined {"metadata":{"emulator":{"name":"functions"},"message":"[runtime-status] [8152] Disabled runtime features: undefined"}}
[debug] [2021-05-10T08:11:26.839Z] [runtime-status] [8152] Resolved module firebase-admin {"declared":true,"installed":true,"version":"9.7.0","resolution":"D:\\PrismaSofts\\React\\onlineDeal\\functions\\node_modules\\firebase-admin\\lib\\index.js"} {"metadata":{"emulator":{"name":"functions"},"message":"[runtime-status] [8152] Resolved module firebase-admin {\"declared\":true,\"installed\":true,\"version\":\"9.7.0\",\"resolution\":\"D:\\\\PrismaSofts\\\\React\\\\onlineDeal\\\\functions\\\\node_modules\\\\firebase-admin\\\\lib\\\\index.js\"}"}}
[debug] [2021-05-10T08:11:26.901Z] [runtime-status] [8152] Resolved module firebase-functions {"declared":true,"installed":true,"version":"3.13.2","resolution":"D:\\PrismaSofts\\React\\onlineDeal\\functions\\node_modules\\firebase-functions\\lib\\index.js"} {"metadata":{"emulator":{"name":"functions"},"message":"[runtime-status] [8152] Resolved module firebase-functions {\"declared\":true,\"installed\":true,\"version\":\"3.13.2\",\"resolution\":\"D:\\\\PrismaSofts\\\\React\\\\onlineDeal\\\\functions\\\\node_modules\\\\firebase-functions\\\\lib\\\\index.js\"}"}}
[debug] [2021-05-10T08:11:26.902Z] [runtime-status] [8152] Resolved module firebase-functions {"declared":true,"installed":true,"version":"3.13.2","resolution":"D:\\PrismaSofts\\React\\onlineDeal\\functions\\node_modules\\firebase-functions\\lib\\index.js"} {"metadata":{"emulator":{"name":"functions"},"message":"[runtime-status] [8152] Resolved module firebase-functions {\"declared\":true,\"installed\":true,\"version\":\"3.13.2\",\"resolution\":\"D:\\\\PrismaSofts\\\\React\\\\onlineDeal\\\\functions\\\\node_modules\\\\firebase-functions\\\\lib\\\\index.js\"}"}}
[debug] [2021-05-10T08:11:26.904Z] [runtime-status] [8152] Outgoing network have been stubbed. [{"name":"http","status":"mocked"},{"name":"http","status":"mocked"},{"name":"https","status":"mocked"},{"name":"https","status":"mocked"},{"name":"net","status":"mocked"}] {"metadata":{"emulator":{"name":"functions"},"message":"[runtime-status] [8152] Outgoing network have been stubbed. [{\"name\":\"http\",\"status\":\"mocked\"},{\"name\":\"http\",\"status\":\"mocked\"},{\"name\":\"https\",\"status\":\"mocked\"},{\"name\":\"https\",\"status\":\"mocked\"},{\"name\":\"net\",\"status\":\"mocked\"}]"}}
[debug] [2021-05-10T08:11:26.904Z] [runtime-status] [8152] Resolved module firebase-functions {"declared":true,"installed":true,"version":"3.13.2","resolution":"D:\\PrismaSofts\\React\\onlineDeal\\functions\\node_modules\\firebase-functions\\lib\\index.js"} {"metadata":{"emulator":{"name":"functions"},"message":"[runtime-status] [8152] Resolved module firebase-functions {\"declared\":true,\"installed\":true,\"version\":\"3.13.2\",\"resolution\":\"D:\\\\PrismaSofts\\\\React\\\\onlineDeal\\\\functions\\\\node_modules\\\\firebase-functions\\\\lib\\\\index.js\"}"}}
[debug] [2021-05-10T08:11:27.572Z] [runtime-status] [8152] Checked functions.config() {"config":{}} {"metadata":{"emulator":{"name":"functions"},"message":"[runtime-status] [8152] Checked functions.config() {\"config\":{}}"}}
[debug] [2021-05-10T08:11:27.572Z] [runtime-status] [8152] firebase-functions has been stubbed. {"functionsResolution":{"declared":true,"installed":true,"version":"3.13.2","resolution":"D:\\PrismaSofts\\React\\onlineDeal\\functions\\node_modules\\firebase-functions\\lib\\index.js"}} {"metadata":{"emulator":{"name":"functions"},"message":"[runtime-status] [8152] firebase-functions has been stubbed. {\"functionsResolution\":{\"declared\":true,\"installed\":true,\"version\":\"3.13.2\",\"resolution\":\"D:\\\\PrismaSofts\\\\React\\\\onlineDeal\\\\functions\\\\node_modules\\\\firebase-functions\\\\lib\\\\index.js\"}}"}}
[debug] [2021-05-10T08:11:27.573Z] [runtime-status] [8152] Resolved module firebase-functions {"declared":true,"installed":true,"version":"3.13.2","resolution":"D:\\PrismaSofts\\React\\onlineDeal\\functions\\node_modules\\firebase-functions\\lib\\index.js"} {"metadata":{"emulator":{"name":"functions"},"message":"[runtime-status] [8152] Resolved module firebase-functions {\"declared\":true,\"installed\":true,\"version\":\"3.13.2\",\"resolution\":\"D:\\\\PrismaSofts\\\\React\\\\onlineDeal\\\\functions\\\\node_modules\\\\firebase-functions\\\\lib\\\\index.js\"}"}}
[debug] [2021-05-10T08:11:27.573Z] [runtime-status] [8152] Resolved module firebase-admin {"declared":true,"installed":true,"version":"9.7.0","resolution":"D:\\PrismaSofts\\React\\onlineDeal\\functions\\node_modules\\firebase-admin\\lib\\index.js"} {"metadata":{"emulator":{"name":"functions"},"message":"[runtime-status] [8152] Resolved module firebase-admin {\"declared\":true,\"installed\":true,\"version\":\"9.7.0\",\"resolution\":\"D:\\\\PrismaSofts\\\\React\\\\onlineDeal\\\\functions\\\\node_modules\\\\firebase-admin\\\\lib\\\\index.js\"}"}}
[debug] [2021-05-10T08:11:27.574Z] [runtime-status] [8152] Resolved module firebase-functions {"declared":true,"installed":true,"version":"3.13.2","resolution":"D:\\PrismaSofts\\React\\onlineDeal\\functions\\node_modules\\firebase-functions\\lib\\index.js"} {"metadata":{"emulator":{"name":"functions"},"message":"[runtime-status] [8152] Resolved module firebase-functions {\"declared\":true,\"installed\":true,\"version\":\"3.13.2\",\"resolution\":\"D:\\\\PrismaSofts\\\\React\\\\onlineDeal\\\\functions\\\\node_modules\\\\firebase-functions\\\\lib\\\\index.js\"}"}}
[debug] [2021-05-10T08:11:27.574Z] [runtime-status] [8152] firebase-admin has been stubbed. {"adminResolution":{"declared":true,"installed":true,"version":"9.7.0","resolution":"D:\\PrismaSofts\\React\\onlineDeal\\functions\\node_modules\\firebase-admin\\lib\\index.js"}} {"metadata":{"emulator":{"name":"functions"},"message":"[runtime-status] [8152] firebase-admin has been stubbed. {\"adminResolution\":{\"declared\":true,\"installed\":true,\"version\":\"9.7.0\",\"resolution\":\"D:\\\\PrismaSofts\\\\React\\\\onlineDeal\\\\functions\\\\node_modules\\\\firebase-admin\\\\lib\\\\index.js\"}}"}}
[info] +  functions[api]: http function initialized (http://localhost:5001/onlinedeal-ac1d9/us-central1/api). {"metadata":{"emulator":{"name":"functions"},"message":"\u001b[1mhttp\u001b[22m function initialized (http://localhost:5001/onlinedeal-ac1d9/us-central1/api)."}}
[info] 
┌─────────────────────────────────────────────────────────────┐
│ ✔  All emulators ready! It is now safe to connect your app. │
│ i  View Emulator UI at http://localhost:4000                │
└─────────────────────────────────────────────────────────────┘

┌───────────┬────────────────┬─────────────────────────────────┐
│ Emulator  │ Host:Port      │ View in Emulator UI             │
├───────────┼────────────────┼─────────────────────────────────┤
│ Functions │ localhost:5001 │ http://localhost:4000/functions │
└───────────┴────────────────┴─────────────────────────────────┘
  Emulator Hub running at localhost:4400
  Other reserved ports: 4500

Issues? Report them at https://github.com/firebase/firebase-tools/issues and attach the *-debug.log files.
 
[debug] [2021-05-10T08:11:29.144Z] [worker-~diagnostic~-47ff0ec9-20e0-4023-975e-5ccdd98502ab]: IDLE {"metadata":{"emulator":{"name":"functions"},"message":"[worker-~diagnostic~-47ff0ec9-20e0-4023-975e-5ccdd98502ab]: IDLE"}}
[debug] [2021-05-10T08:13:21.874Z] [work-queue] {"queueLength":1,"workRunningCount":0}
[debug] [2021-05-10T08:13:21.875Z] [work-queue] {"queueLength":0,"workRunningCount":1}
[debug] [2021-05-10T08:13:21.875Z] Accepted request POST /onlinedeal-ac1d9/us-central1/api/payment/create?total=6478 --> api
[debug] [2021-05-10T08:13:21.879Z] [worker-pool] addWorker(api) {"metadata":{"emulator":{"name":"functions"},"message":"[worker-pool] addWorker(api)"}}
[debug] [2021-05-10T08:13:21.880Z] [worker-pool] Adding worker with key api, total=1 {"metadata":{"emulator":{"name":"functions"},"message":"[worker-pool] Adding worker with key api, total=1"}}
[debug] [2021-05-10T08:13:21.880Z] [worker-pool] submitWork(triggerId=api) {"metadata":{"emulator":{"name":"functions"},"message":"[worker-pool] submitWork(triggerId=api)"}}
[debug] [2021-05-10T08:13:21.880Z] [worker-api-d175be6b-e7e3-444b-8307-71288f897bbe]: Assigning socketPath: \\?\pipe\D:\PrismaSofts\React\onlineDeal\functions\15028 {"metadata":{"emulator":{"name":"functions"},"message":"[worker-api-d175be6b-e7e3-444b-8307-71288f897bbe]: Assigning socketPath: \\\\?\\pipe\\D:\\PrismaSofts\\React\\onlineDeal\\functions\\15028"}}
[debug] [2021-05-10T08:13:21.880Z] [worker-api-d175be6b-e7e3-444b-8307-71288f897bbe]: BUSY {"metadata":{"emulator":{"name":"functions"},"message":"[worker-api-d175be6b-e7e3-444b-8307-71288f897bbe]: BUSY"}}
[debug] [2021-05-10T08:13:22.092Z] [runtime-status] [15028] Functions runtime initialized. {"cwd":"D:\\PrismaSofts\\React\\onlineDeal\\functions","node_version":"14.8.0"} {"metadata":{"emulator":{"name":"functions"},"function":{"name":"api"},"message":"[runtime-status] [15028] Functions runtime initialized. {\"cwd\":\"D:\\\\PrismaSofts\\\\React\\\\onlineDeal\\\\functions\",\"node_version\":\"14.8.0\"}"}}
[debug] [2021-05-10T08:13:22.095Z] [runtime-status] [15028] Disabled runtime features: undefined {"metadata":{"emulator":{"name":"functions"},"function":{"name":"api"},"message":"[runtime-status] [15028] Disabled runtime features: undefined"}}
[debug] [2021-05-10T08:13:22.098Z] [runtime-status] [15028] Resolved module firebase-admin {"declared":true,"installed":true,"version":"9.7.0","resolution":"D:\\PrismaSofts\\React\\onlineDeal\\functions\\node_modules\\firebase-admin\\lib\\index.js"} {"metadata":{"emulator":{"name":"functions"},"function":{"name":"api"},"message":"[runtime-status] [15028] Resolved module firebase-admin {\"declared\":true,\"installed\":true,\"version\":\"9.7.0\",\"resolution\":\"D:\\\\PrismaSofts\\\\React\\\\onlineDeal\\\\functions\\\\node_modules\\\\firebase-admin\\\\lib\\\\index.js\"}"}}
[debug] [2021-05-10T08:13:22.099Z] [runtime-status] [15028] Resolved module firebase-functions {"declared":true,"installed":true,"version":"3.13.2","resolution":"D:\\PrismaSofts\\React\\onlineDeal\\functions\\node_modules\\firebase-functions\\lib\\index.js"} {"metadata":{"emulator":{"name":"functions"},"function":{"name":"api"},"message":"[runtime-status] [15028] Resolved module firebase-functions {\"declared\":true,\"installed\":true,\"version\":\"3.13.2\",\"resolution\":\"D:\\\\PrismaSofts\\\\React\\\\onlineDeal\\\\functions\\\\node_modules\\\\firebase-functions\\\\lib\\\\index.js\"}"}}
[debug] [2021-05-10T08:13:22.101Z] [runtime-status] [15028] Resolved module firebase-functions {"declared":true,"installed":true,"version":"3.13.2","resolution":"D:\\PrismaSofts\\React\\onlineDeal\\functions\\node_modules\\firebase-functions\\lib\\index.js"} {"metadata":{"emulator":{"name":"functions"},"function":{"name":"api"},"message":"[runtime-status] [15028] Resolved module firebase-functions {\"declared\":true,\"installed\":true,\"version\":\"3.13.2\",\"resolution\":\"D:\\\\PrismaSofts\\\\React\\\\onlineDeal\\\\functions\\\\node_modules\\\\firebase-functions\\\\lib\\\\index.js\"}"}}
[debug] [2021-05-10T08:13:22.102Z] [runtime-status] [15028] Outgoing network have been stubbed. [{"name":"http","status":"mocked"},{"name":"http","status":"mocked"},{"name":"https","status":"mocked"},{"name":"https","status":"mocked"},{"name":"net","status":"mocked"}] {"metadata":{"emulator":{"name":"functions"},"function":{"name":"api"},"message":"[runtime-status] [15028] Outgoing network have been stubbed. [{\"name\":\"http\",\"status\":\"mocked\"},{\"name\":\"http\",\"status\":\"mocked\"},{\"name\":\"https\",\"status\":\"mocked\"},{\"name\":\"https\",\"status\":\"mocked\"},{\"name\":\"net\",\"status\":\"mocked\"}]"}}
[debug] [2021-05-10T08:13:22.103Z] [runtime-status] [15028] Resolved module firebase-functions {"declared":true,"installed":true,"version":"3.13.2","resolution":"D:\\PrismaSofts\\React\\onlineDeal\\functions\\node_modules\\firebase-functions\\lib\\index.js"} {"metadata":{"emulator":{"name":"functions"},"function":{"name":"api"},"message":"[runtime-status] [15028] Resolved module firebase-functions {\"declared\":true,\"installed\":true,\"version\":\"3.13.2\",\"resolution\":\"D:\\\\PrismaSofts\\\\React\\\\onlineDeal\\\\functions\\\\node_modules\\\\firebase-functions\\\\lib\\\\index.js\"}"}}
[debug] [2021-05-10T08:13:22.149Z] [runtime-status] [15028] Checked functions.config() {"config":{}} {"metadata":{"emulator":{"name":"functions"},"function":{"name":"api"},"message":"[runtime-status] [15028] Checked functions.config() {\"config\":{}}"}}
[debug] [2021-05-10T08:13:22.149Z] [runtime-status] [15028] firebase-functions has been stubbed. {"functionsResolution":{"declared":true,"installed":true,"version":"3.13.2","resolution":"D:\\PrismaSofts\\React\\onlineDeal\\functions\\node_modules\\firebase-functions\\lib\\index.js"}} {"metadata":{"emulator":{"name":"functions"},"function":{"name":"api"},"message":"[runtime-status] [15028] firebase-functions has been stubbed. {\"functionsResolution\":{\"declared\":true,\"installed\":true,\"version\":\"3.13.2\",\"resolution\":\"D:\\\\PrismaSofts\\\\React\\\\onlineDeal\\\\functions\\\\node_modules\\\\firebase-functions\\\\lib\\\\index.js\"}}"}}
[debug] [2021-05-10T08:13:22.150Z] [runtime-status] [15028] Resolved module firebase-functions {"declared":true,"installed":true,"version":"3.13.2","resolution":"D:\\PrismaSofts\\React\\onlineDeal\\functions\\node_modules\\firebase-functions\\lib\\index.js"} {"metadata":{"emulator":{"name":"functions"},"function":{"name":"api"},"message":"[runtime-status] [15028] Resolved module firebase-functions {\"declared\":true,\"installed\":true,\"version\":\"3.13.2\",\"resolution\":\"D:\\\\PrismaSofts\\\\React\\\\onlineDeal\\\\functions\\\\node_modules\\\\firebase-functions\\\\lib\\\\index.js\"}"}}
[debug] [2021-05-10T08:13:22.151Z] [runtime-status] [15028] Resolved module firebase-admin {"declared":true,"installed":true,"version":"9.7.0","resolution":"D:\\PrismaSofts\\React\\onlineDeal\\functions\\node_modules\\firebase-admin\\lib\\index.js"} {"metadata":{"emulator":{"name":"functions"},"function":{"name":"api"},"message":"[runtime-status] [15028] Resolved module firebase-admin {\"declared\":true,\"installed\":true,\"version\":\"9.7.0\",\"resolution\":\"D:\\\\PrismaSofts\\\\React\\\\onlineDeal\\\\functions\\\\node_modules\\\\firebase-admin\\\\lib\\\\index.js\"}"}}
[debug] [2021-05-10T08:13:22.151Z] [runtime-status] [15028] Resolved module firebase-functions {"declared":true,"installed":true,"version":"3.13.2","resolution":"D:\\PrismaSofts\\React\\onlineDeal\\functions\\node_modules\\firebase-functions\\lib\\index.js"} {"metadata":{"emulator":{"name":"functions"},"function":{"name":"api"},"message":"[runtime-status] [15028] Resolved module firebase-functions {\"declared\":true,\"installed\":true,\"version\":\"3.13.2\",\"resolution\":\"D:\\\\PrismaSofts\\\\React\\\\onlineDeal\\\\functions\\\\node_modules\\\\firebase-functions\\\\lib\\\\index.js\"}"}}
[debug] [2021-05-10T08:13:22.151Z] [runtime-status] [15028] firebase-admin has been stubbed. {"adminResolution":{"declared":true,"installed":true,"version":"9.7.0","resolution":"D:\\PrismaSofts\\React\\onlineDeal\\functions\\node_modules\\firebase-admin\\lib\\index.js"}} {"metadata":{"emulator":{"name":"functions"},"function":{"name":"api"},"message":"[runtime-status] [15028] firebase-admin has been stubbed. {\"adminResolution\":{\"declared\":true,\"installed\":true,\"version\":\"9.7.0\",\"resolution\":\"D:\\\\PrismaSofts\\\\React\\\\onlineDeal\\\\functions\\\\node_modules\\\\firebase-admin\\\\lib\\\\index.js\"}}"}}
[debug] [2021-05-10T08:13:22.303Z] [runtime-status] [15028] Trigger "api" has been found, beginning invocation! {"metadata":{"emulator":{"name":"functions"},"function":{"name":"api"},"message":"[runtime-status] [15028] Trigger \"api\" has been found, beginning invocation!"}}
[info] i  functions: Beginning execution of "api" {"metadata":{"emulator":{"name":"functions"},"function":{"name":"api"},"message":"Beginning execution of \"api\""}}
[debug] [2021-05-10T08:13:22.304Z] [runtime-status] [15028] triggerDefinition {"httpsTrigger":{},"name":"api","entryPoint":"api"} {"metadata":{"emulator":{"name":"functions"},"function":{"name":"api"},"message":"[runtime-status] [15028] triggerDefinition {\"httpsTrigger\":{},\"name\":\"api\",\"entryPoint\":\"api\"}"}}
[debug] [2021-05-10T08:13:22.304Z] [runtime-status] [15028] Running api in mode HTTPS {"metadata":{"emulator":{"name":"functions"},"function":{"name":"api"},"message":"[runtime-status] [15028] Running api in mode HTTPS"}}
[debug] [2021-05-10T08:13:22.309Z] [runtime-status] [15028] Attempting to listen to socketPath: \\?\pipe\D:\PrismaSofts\React\onlineDeal\functions\15028 {"metadata":{"emulator":{"name":"functions"},"function":{"name":"api"},"message":"[runtime-status] [15028] Attempting to listen to socketPath: \\\\?\\pipe\\D:\\PrismaSofts\\React\\onlineDeal\\functions\\15028"}}
[debug] [2021-05-10T08:13:22.314Z] [functions] Runtime ready! Sending request! {"metadata":{"emulator":{"name":"functions"},"message":"[functions] Runtime ready! Sending request!"}}
[debug] [2021-05-10T08:13:22.325Z] [runtime-status] [15028] Ephemeral server handling POST request {"metadata":{"emulator":{"name":"functions"},"function":{"name":"api"},"message":"[runtime-status] [15028] Ephemeral server handling POST request"}}
[debug] [2021-05-10T08:13:22.345Z] [runtime-status] [15028] Ephemeral server survived. {"metadata":{"emulator":{"name":"functions"},"function":{"name":"api"},"message":"[runtime-status] [15028] Ephemeral server survived."}}
[info] >  payment request >>>>>>>>>>>>>>> 6478 {"user":"payment request >>>>>>>>>>>>>>> 6478","metadata":{"emulator":{"name":"functions"},"function":{"name":"api"},"message":"\u001b[90m> \u001b[39m payment request >>>>>>>>>>>>>>> 6478"}}
[info] i  functions: Finished "api" in ~1s {"metadata":{"emulator":{"name":"functions"},"function":{"name":"api"},"message":"Finished \"api\" in ~1s"}}
[debug] [2021-05-10T08:13:23.679Z] [worker-api-d175be6b-e7e3-444b-8307-71288f897bbe]: IDLE {"metadata":{"emulator":{"name":"functions"},"message":"[worker-api-d175be6b-e7e3-444b-8307-71288f897bbe]: IDLE"}}
[debug] [2021-05-10T08:13:23.680Z] [work-queue] {"queueLength":0,"workRunningCount":0}
[debug] [2021-05-10T08:14:21.275Z] [work-queue] {"queueLength":1,"workRunningCount":0}
[debug] [2021-05-10T08:14:21.275Z] [work-queue] {"queueLength":0,"workRunningCount":1}
[debug] [2021-05-10T08:14:21.275Z] Accepted request POST /onlinedeal-ac1d9/us-central1/api/payment/create?total=6478 --> api
[debug] [2021-05-10T08:14:21.275Z] [worker-pool] submitWork(triggerId=api) {"metadata":{"emulator":{"name":"functions"},"message":"[worker-pool] submitWork(triggerId=api)"}}
[debug] [2021-05-10T08:14:21.275Z] [worker-api-d175be6b-e7e3-444b-8307-71288f897bbe]: Assigning socketPath: \\?\pipe\D:\PrismaSofts\React\onlineDeal\functions\15028 {"metadata":{"emulator":{"name":"functions"},"message":"[worker-api-d175be6b-e7e3-444b-8307-71288f897bbe]: Assigning socketPath: \\\\?\\pipe\\D:\\PrismaSofts\\React\\onlineDeal\\functions\\15028"}}
[debug] [2021-05-10T08:14:21.276Z] [worker-api-d175be6b-e7e3-444b-8307-71288f897bbe]: BUSY {"metadata":{"emulator":{"name":"functions"},"message":"[worker-api-d175be6b-e7e3-444b-8307-71288f897bbe]: BUSY"}}
[debug] [2021-05-10T08:14:21.276Z] [runtime-status] [15028] Trigger "api" has been found, beginning invocation! {"metadata":{"emulator":{"name":"functions"},"function":{"name":"api"},"message":"[runtime-status] [15028] Trigger \"api\" has been found, beginning invocation!"}}
[info] i  functions: Beginning execution of "api" {"metadata":{"emulator":{"name":"functions"},"function":{"name":"api"},"message":"Beginning execution of \"api\""}}
[debug] [2021-05-10T08:14:21.278Z] [runtime-status] [15028] triggerDefinition {"httpsTrigger":{},"name":"api","entryPoint":"api"} {"metadata":{"emulator":{"name":"functions"},"function":{"name":"api"},"message":"[runtime-status] [15028] triggerDefinition {\"httpsTrigger\":{},\"name\":\"api\",\"entryPoint\":\"api\"}"}}
[debug] [2021-05-10T08:14:21.278Z] [runtime-status] [15028] Running api in mode HTTPS {"metadata":{"emulator":{"name":"functions"},"function":{"name":"api"},"message":"[runtime-status] [15028] Running api in mode HTTPS"}}
[debug] [2021-05-10T08:14:21.278Z] [runtime-status] [15028] Attempting to listen to socketPath: \\?\pipe\D:\PrismaSofts\React\onlineDeal\functions\15028 {"metadata":{"emulator":{"name":"functions"},"function":{"name":"api"},"message":"[runtime-status] [15028] Attempting to listen to socketPath: \\\\?\\pipe\\D:\\PrismaSofts\\React\\onlineDeal\\functions\\15028"}}
[debug] [2021-05-10T08:14:21.279Z] [functions] Runtime ready! Sending request! {"metadata":{"emulator":{"name":"functions"},"message":"[functions] Runtime ready! Sending request!"}}
[debug] [2021-05-10T08:14:21.284Z] [runtime-status] [15028] Ephemeral server handling POST request {"metadata":{"emulator":{"name":"functions"},"function":{"name":"api"},"message":"[runtime-status] [15028] Ephemeral server handling POST request"}}
[debug] [2021-05-10T08:14:21.288Z] [runtime-status] [15028] Ephemeral server survived. {"metadata":{"emulator":{"name":"functions"},"function":{"name":"api"},"message":"[runtime-status] [15028] Ephemeral server survived."}}
[info] >  payment request >>>>>>>>>>>>>>> 6478 {"user":"payment request >>>>>>>>>>>>>>> 6478","metadata":{"emulator":{"name":"functions"},"function":{"name":"api"},"message":"\u001b[90m> \u001b[39m payment request >>>>>>>>>>>>>>> 6478"}}
[info] i  functions: Finished "api" in ~1s {"metadata":{"emulator":{"name":"functions"},"function":{"name":"api"},"message":"Finished \"api\" in ~1s"}}
[debug] [2021-05-10T08:14:21.737Z] [worker-api-d175be6b-e7e3-444b-8307-71288f897bbe]: IDLE {"metadata":{"emulator":{"name":"functions"},"message":"[worker-api-d175be6b-e7e3-444b-8307-71288f897bbe]: IDLE"}}
[debug] [2021-05-10T08:14:21.737Z] [work-queue] {"queueLength":0,"workRunningCount":0}
[debug] [2021-05-10T08:15:17.387Z] [worker-~diagnostic~-47ff0ec9-20e0-4023-975e-5ccdd98502ab]: exited {"metadata":{"emulator":{"name":"functions"},"message":"[worker-~diagnostic~-47ff0ec9-20e0-4023-975e-5ccdd98502ab]: exited"}}
